<?xml version="1.0" encoding="UTF-8"?>
<!-- Generated by org.testng.reporters.JUnitReportReporter -->
<testsuite skipped="0" hostname="Don-MBP.local" name="com.slksoft.tests.PhonebookWebappTest001" tests="3" failures="0" timestamp="31 Oct 2019 05:22:57 GMT" time="2.526" errors="0">
  <testcase name="testAddNewContact" time="1.012" classname="com.slksoft.tests.PhonebookWebappTest001"/>
  <testcase name="testGetRowCount" time="1.008" classname="com.slksoft.tests.PhonebookWebappTest001"/>
  <testcase name="testDeleteContact" time="0.506" classname="com.slksoft.tests.PhonebookWebappTest001"/>
</testsuite> <!-- com.slksoft.tests.PhonebookWebappTest001 -->
