<?xml version="1.0" encoding="UTF-8"?>
<!-- Generated by org.testng.reporters.JUnitReportReporter -->
<testsuite skipped="0" hostname="Don-MBP.local" name="com.slksoft.tests.PhonebookWebappTest002" tests="2" failures="0" timestamp="31 Oct 2019 06:57:23 GMT" time="1.947" errors="0">
  <testcase name="testAddNewContact" time="0.933" classname="com.slksoft.tests.PhonebookWebappTest002"/>
  <testcase name="addContactNegativeTest" time="1.014" classname="com.slksoft.tests.PhonebookWebappTest002"/>
</testsuite> <!-- com.slksoft.tests.PhonebookWebappTest002 -->
